


ARM Macro Assembler    Page 1 


    1 00000000         ; –†–∞–±–æ—Ç–∞ —Å–æ —Å—Ç–µ–∫–æ–º —Å –∏—Å–ø–æ–ª—å–∑–æ–≤–∞–Ω–∏–µ–º –∫–æ–º–∞–Ω–¥ 
    2 00000000         ; PUSH, POP
    3 00000000         
    4 00000000         ; –û–±—ä—è–≤–∏—Ç—å –∫–æ–¥–æ–≤—É—é —Å–µ–∫—Ü–∏—é MyCode
    5 00000000                 AREA             MyCode, CODE, ReadOnly
    6 00000000         ; –û–±—ä—è–≤–∏—Ç—å —Ç–æ—á–∫—É –≤—Ö–æ–¥–∞ –≤ –ø—Ä–æ–≥—Ä–∞–º–º—É –ø—Ä–∏–ª–æ–∂–µ–Ω–∏—è 
    7 00000000                 ENTRY
    8 00000000         ; –û–±—ä–≤–∏—Ç—å —Ç–æ—á–∫—É –≤—Ö–æ–¥–∞ –≥–ª–æ–±–∞–ª—å–Ω–æ–π –ø–µ—Ä–µ–º–µ–Ω–Ω–æ–π
    9 00000000                 EXPORT           MyProg
   10 00000000         MyProg
   11 00000000         ; –ò–Ω–∏—Ü–∏–∞–ª–∏–∑–∞—Ü–∏—è —Ç—Ä–µ—Ö —Ä–µ–≥–∏—Å—Ç—Ä–æ–≤ –¶–ü–£ –Ω–∞—á–∞–ª—å–Ω—ã–º–∏ –¥–∞–Ω–Ω—ã–º–∏
   12 00000000 F04F 0101       MOV              r1,#1
   13 00000004 F04F 0202       MOV              r2,#2
   14 00000008 F04F 0303       MOV              r3,#3
   15 0000000C         ; –°–æ—Ö—Ä–∞–Ω–∏—Ç—å –∑–Ω–∞—á–µ–Ω–∏—è —Ä–µ–≥–∏—Å—Ç—Ä–æ–≤ –≤ —Å—Ç–µ–∫–µ
   16 0000000C         LOOP
   17 0000000C B402            PUSH             {r1}
   18 0000000E B404            PUSH             {r2}
   19 00000010 B408            PUSH             {r3}
   20 00000012         ;    ... 
   21 00000012         ; –ò—Å–ø–æ–ª—å–∑–æ–≤–∞–Ω–∏–µ —Ä–µ–≥–∏—Å—Ç–æ–≤ r1,r2,r3 (–¥–ª—è –ø—Ä–∏–º–µ—Ä–∞, –æ–±–Ω—É–ª–µ–Ω–∏–µ) 
   22 00000012 F04F 0100       MOV              r1,#0
   23 00000016 F04F 0200       MOV              r2,#0
   24 0000001A F04F 0300       MOV              R3,#0
   25 0000001E         ;    ...
   26 0000001E         ; –í–æ—Å—Å—Ç–∞–Ω–æ–≤–∏—Ç—å –∑–Ω–∞—á–µ–Ω–∏—è —Ä–µ–≥–∏—Å—Ç—Ä–æ–≤ –∏–∑ —Å—Ç–µ–∫–∞
   27 0000001E BC08            POP              {r3}
   28 00000020 BC04            POP              {r2}
   29 00000022 BC02            POP              {r1}
   30 00000024         ; –ü–æ–≤—Ç–æ—Ä–∏—Ç—å —Ü–∏–∫–ª —Å–æ—Ö—Ä–∞–Ω–µ–Ω–∏—è/–≤–æ—Å—Å—Ç–∞–Ω–æ–≤–ª–µ–Ω–∏—è –¥–∞–Ω–Ω—ã—Ö
   31 00000024         ; –≤ —Å—Ç–µ–∫–µ –¥–ª—è –¥—Ä—É–≥–∏—Ö –∑–Ω–∞—á–µ–Ω–∏–π –≤ —Ä–µ–≥–∏—Å—Ç—Ä–∞—Ö
   32 00000024 E7F2            B                LOOP
   33 00000026         ; –ö–æ–Ω–µ—Ü –∞—Å—Å–µ–º–±–ª–µ—Ä–Ω–æ–≥–æ —Ç–µ–∫—Å—Ç–∞
   34 00000026                 END
Command Line: --debug --xref --width=132 --diag_suppress=9931 --cpu=Cortex-M4.fp --apcs=interwork --depend=.\objects\myprog_18_1.d -
o.\objects\myprog_18_1.o -IE:\ARM\”˜Â·ÌËÍ_ARM\œÓÂÍÚ˚\CPU\CPU_18\RTE -IC:\Keil_v5\ARM\PACK\ARM\CMSIS\4.3.0\Device\ARM\ARMCM4\Include
 -IC:\Keil_v5\ARM\CMSIS\Include --predefine="__EVAL SETA 1" --predefine="__UVISION_VERSION SETA 515" --predefine="ARMCM4_FP SETA 1" 
--list=.\listings\myprog_18_1.lst MyProg_18_1.s



ARM Macro Assembler    Page 1 Alphabetic symbol ordering
Relocatable symbols

LOOP 0000000C

Symbol: LOOP
   Definitions
      At line 16 in file MyProg_18_1.s
   Uses
      At line 32 in file MyProg_18_1.s
Comment: LOOP used once
MyCode 00000000

Symbol: MyCode
   Definitions
      At line 5 in file MyProg_18_1.s
   Uses
      None
Comment: MyCode unused
MyProg 00000000

Symbol: MyProg
   Definitions
      At line 10 in file MyProg_18_1.s
   Uses
      At line 9 in file MyProg_18_1.s
Comment: MyProg used once
3 symbols
337 symbols in table
