


ARM Macro Assembler    Page 1 


    1 00000000         ; –¢–µ—Ö–Ω–æ–ª–æ–≥–∏—è –ø–æ–±–ª–æ—á–Ω–æ–≥–æ –∫–æ–ø–∏—Ä–æ–≤–∞–Ω–∏—è –¥–∞–Ω–Ω—ã—Ö
    2 00000000         ; –û–±—ä—è–≤–∏—Ç—å –∫–æ–¥–æ–≤—É—é —Å–µ–∫—Ü–∏—é MyCode
    3 00000000                 AREA             MyCode, CODE, ReadOnly
    4 00000000         ; –û–±—ä—è–≤–∏—Ç—å —Ç–æ—á–∫—É –≤—Ö–æ–¥–∞ –≤ –ø—Ä–æ–≥—Ä–∞–º–º—É –ø—Ä–∏–ª–æ–∂–µ–Ω–∏—è 
    5 00000000                 ENTRY
    6 00000000         ; –û–±—ä–≤–∏—Ç—å —Ç–æ—á–∫—É –≤—Ö–æ–¥–∞ –≥–ª–æ–±–∞–ª—å–Ω–æ–π –ø–µ—Ä–µ–º–µ–Ω–Ω–æ–π
    7 00000000                 EXPORT           MyProg
    8 00000000         MyProg
    9 00000000         ; –û—Å–Ω–æ–≤–Ω–∞—è –ø—Ä–æ–≥—Ä–∞–º–º–∞
   10 00000000         ; –ß–∏—Å–ª–æ —ç–ª–µ–º–µ–Ω—Ç–æ–≤ –∏—Å—Ö–æ–¥–Ω–æ–≥–æ –º–∞—Å—Å–∏–≤–∞ —Å–ª–æ–≤ –±–µ–∑ –∑–Ω–∞–∫–∞
   11 00000000 00000014 
                       N       EQU              20
   12 00000000         ;    ...
   13 00000000         ; –ü–µ—Ä–µ–¥–∞—Ç—å –ø–∞—Ä–∞–º–µ—Ç—Ä—ã –∏ –≤—ã–∑–≤–∞—Ç—å –ø–æ–¥–ø—Ä–æ–≥—Ä–∞–º–º—É 
   14 00000000         ; –ø–æ–±–ª–æ—á–Ω–æ–≥–æ –∫–æ–ø–∏—Ä–æ–≤–∞–Ω–∏—è –¥–∞–Ω–Ω—ã—Ö 
   15 00000000 480F            LDR              r0,=Array_SRC ; –ê–¥—Ä–µ—Å –º–∞—Å—Å–∏–≤–∞ - –∏—Å—Ç–æ—á–Ω–∏–∫–∞
   16 00000002 4910            LDR              r1,=Array_DST ; –ê–¥—Ä–µ—Å –º–∞—Å—Å–∏–≤–∞ - –ø—Ä–∏–µ–º–Ω–∏–∫–∞
   17 00000004 F04F 0214       MOV              r2,#N       ; –ß–∏—Å–ª–æ —Å–ª–æ–≤ –≤ –º–∞—Å—Å–∏–≤–µ
   18 00000008 F000 F801       BL               Copy_Array_Block
   19 0000000C         ; –ü–æ–≤—Ç–æ—Ä–∏—Ç—å –¥–ª—è –¥—Ä—É–≥–æ–≥–æ –Ω–∞–±–æ—Ä–∞ –¥–∞–Ω–Ω—ã—Ö –≤ –∏—Å—Ö–æ–¥–Ω–æ–º –º–∞—Å—Å–∏–≤–µ
   20 0000000C E7FE            B                MyProg
   21 0000000E         
   22 0000000E         ;****************************************************************
   23 0000000E         ; –ü–æ–¥–ø—Ä–æ–≥—Ä–∞–º–º–∞ –∫–æ–ø–∏—Ä–æ–≤–∞–Ω–∏—è –º–∞—Å—Å–∏–≤–∞ —Å–ª–æ–≤ —Å –∏—Å–ø–æ–ª—å–∑–æ–≤–∞–Ω–∏–µ–º 
   24 0000000E         ; –∫–æ–º–∞–Ω–¥ –º–Ω–æ–∂–µ—Å—Ç–≤–µ–Ω–Ω–æ–π –∑–∞–≥—Ä—É–∑–∫–∏/—Å–æ—Ö—Ä–∞–Ω–µ–Ω–∏—è —Ä–µ–≥–∏—Å—Ç—Ä–æ–≤ –ø—Ä–æ—Ü–µ
                       —Å—Å–æ—Ä–∞ 
   25 0000000E         ; –í—Ö–æ–¥—ã:
   26 0000000E         ; –ü–∞—Ä–∞–º–µ—Ç—Ä—ã, –ø–µ—Ä–µ–¥–∞–≤–∞–µ–º—ã–µ –≤ –ø–æ–¥–ø—Ä–æ–≥—Ä–∞–º–º—É —Å–æ–¥–µ—Ä–∂–∏–º—ã–º —Ä–µ–≥–∏—Å—Ç—
                       Ä–æ–≤:
   27 0000000E         ; r0 ‚Äì —É–∫–∞–∑–∞—Ç–µ–ª—å –Ω–∞ –Ω–∞—á–∞–ª—å–Ω—ã–π –∞–¥—Ä–µ—Å –º–∞—Å—Å–∏–≤–∞-–∏—Å—Ç–æ—á–Ω–∏–∫–∞
   28 0000000E         ; r1 ‚Äì —É–∫–∞–∑–∞—Ç–µ–ª—å –Ω–∞ –Ω–∞—á–∞–ª—å–Ω—ã–π –∞–¥—Ä–µ—Å –º–∞—Å—Å–∏–≤–∞-–ø—Ä–∏–µ–º–Ω–∏–∫–∞
   29 0000000E         ; r2 ‚Äì —á–∏—Å–ª–æ —Å–ª–æ–≤ –º–∞—Å—Å–∏–≤–∞-–∏—Å—Ç–æ—á–Ω–∏–∫–∞, –ø–æ–¥–ª–µ–∂–∞—â–∏—Ö –∫–æ–ø–∏—Ä–æ–≤–∞–Ω–∏—é
   30 0000000E         ; –ò—Å–ø–æ–ª—å–∑—É–µ–º—ã–µ —Ä–µ–≥–∏—Å—Ç—Ä—ã:
   31 0000000E         ; r3 ‚Äì —Å—á–µ—Ç—á–∏–∫ —á–∏—Å–ª–∞ –±–ª–æ–∫–æ–≤—ã—Ö –ø–µ—Ä–µ—Å—ã–ª–æ–∫ –∏ —Ä–µ–≥–∏—Å—Ç—Ä –≤—Ä–µ–º–µ–Ω–Ω–æ–≥–æ
                        
   32 0000000E         ;      —Ö—Ä–∞–Ω–µ–Ω–∏—è —Å–ª–æ–≤–∞ –ø—Ä–∏ –æ–±—ã—á–Ω–æ–º –∫–æ–ø–∏—Ä–æ–≤–∞–Ω–∏–∏
   33 0000000E         ; r4-r11 ‚Äì –±–∞–Ω–∫ –∏–∑ 8-–∏ —Ä–µ–≥–∏—Å—Ç—Ä–æ–≤ –¶–ü–£ –¥–ª—è –≤—Ä–µ–º–µ–Ω–Ω–æ–≥–æ –ø—Ä–∏–µ–º–∞ –¥–∞–Ω–Ω—ã
                       —Ö
   34 0000000E         ;****************************************************************
   35 0000000E         Copy_Array_Block
   36 0000000E         ; –°–æ—Ö—Ä–∞–Ω–∏—Ç—å –≤ —Å—Ç–µ–∫–µ —Å–æ–¥–µ—Ä–∂–∏–º–æ–µ –∏—Å–ø–æ–ª—å–∑—É–µ–º–æ–≥–æ —Ä–µ–≥–∏—Å—Ç—Ä–∞ r3
   37 0000000E B408            PUSH             {r3}
   38 00000010         ; –û–ø—Ä–µ–¥–µ–ª–∏—Ç—å —á–∏—Å–ª–æ –±–ª–æ–∫–æ–≤ —Å–ª–æ–≤ (–ø–æ 8 —Å–ª–æ–≤) –≤ –º–∞—Å—Å–∏–≤–µ –∏ —Å–æ—Ö—Ä–∞–Ω–∏
                       —Ç—å –≤ r3
   39 00000010         ; –¢–æ –µ—Å—Ç—å –ø—Ä–æ–∏–Ω–∏—Ü–∏–∞–ª–∏–∑–∏—Ä–æ–≤–∞—Ç—å —Å—á–µ—Ç—á–∏–∫ —á–∏—Å–ª–∞ –±–ª–æ—á–Ω—ã—Ö –æ–ø–µ—Ä–∞—Ü–
                       ∏–π
   40 00000010         ; –õ–æ–≥–∏—á–µ—Å–∫–∏–π –ø–æ–ø—É—Ç–Ω—ã–π —Å–¥–≤–∏–≥ –Ω–∞ 3 —Ä–∞–∑—Ä—è–¥–∞ –≤–ø—Ä–∞–≤–æ (–¥–µ–ª–µ–Ω–∏–µ –Ω–∞ 2*
                       2*2=8)
   41 00000010 08D3            MOVS             r3,r2,LSR #3 ; ¬´S¬ª - —Å—Ñ–æ—Ä–º–∏—Ä–æ–≤–∞—Ç—å —Ñ–ª–∞–≥–∏ —Ä–µ–∑—É–ª—å—Ç–∞—Ç–∞
   42 00000012         ; –ï—Å–ª–∏ —á–∏—Å–ª–æ –±–ª–æ—á–Ω—ã—Ö –æ–ø–µ—Ä–∞—Ü–∏–π —Ä–∞–≤–Ω–æ 0, —Ç–æ —Å–∫–æ–ø–∏—Ä–æ–≤–∞—Ç—å –æ—Å—Ç–∞–≤—à–
                       ∏–µ—Å—è —Å–ª–æ–≤–∞
   43 00000012 D009            BEQ              Copy_Rest
   44 00000014         Block_Copy
   45 00000014         ; –í—ã–ø–æ–ª–Ω—è–µ–º –±–ª–æ—á–Ω–æ–µ –∫–æ–ø–∏—Ä–æ–≤–∞–Ω–∏–µ –±–æ–ª—å—à–µ–π —á–∞—Å—Ç–∏ —ç–ª–µ–º–µ–Ω—Ç–æ–≤ –∏—Å—
                       Ö–æ–¥–Ω–æ–≥–æ –º–∞—Å—Å–∏–≤–∞
   46 00000014         ; –°–æ—Ö—Ä–∞–Ω–∏—Ç—å —Ç–µ–∫—É—â–µ–µ —Å–æ–¥–µ—Ä–∂–∏–º–æ–µ —Ä–µ–≥–∏—Å—Ç—Ä–æ–≤ (r4-r11), –∏—Å–ø–æ–ª—å–∑—É–µ–º—ã—
                       Ö –≤
   47 00000014         ; –≤ –∫–∞—á–µ—Å—Ç–≤–µ 8-–∏ —Å–ª–æ–≤–Ω–æ–≥–æ ¬´–∞–∫–∫—É–º—É–ª—è—Ç–æ—Ä–∞¬ª –≤ —Å–∏—Å—Ç–µ–º–Ω–æ–º —Å—Ç–µ–∫–µ (–¥
                       –µ–∫—Ä–µ–º–µ–Ω—Ç–Ω–æ–º)



ARM Macro Assembler    Page 2 


   48 00000014 E92D 0FF0       PUSH             {r4-r11}    ; –∏–ª–∏ STMDB sp!, {r4-r11}   
   49 00000018         
   50 00000018         ; –ü–æ –±–ª–æ—á–Ω–æ–µ –∫–æ–ø–∏—Ä–æ–≤–∞–Ω–∏–µ —Å –∏—Å–ø–æ–ª—å–∑–æ–≤–∞–Ω–∏–µ–º –≤–æ—Å—å–º–∏ —Ä–µ–≥–∏—Å—Ç—Ä–æ–≤ 
                       –ø—Ä–æ—Ü–µ—Å—Å–æ—Ä–∞
   51 00000018         ; (r4-r11) –≤ –∫–∞—á–µ—Å—Ç–≤–µ –≤—Ä–µ–º–µ–Ω–Ω–æ–≥–æ ¬´–∞–∫–∫—É–º—É–ª—è—Ç–æ—Ä–∞¬ª
   52 00000018         Copy_Oct
   53 00000018         ; –ó–∞–≥—Ä—É–∑–∫–∞ 8-—Ä–µ–≥–∏—Å—Ç—Ä–æ–≤ –¥–∞–Ω–Ω—ã–º–∏ –∏–∑ –º–∞—Å—Å–∏–≤–∞-–∏—Å—Ç–æ—á–Ω–∏–∫–∞ —Å –∞–≤—Ç–æ-—Å–
                       º–µ—â–µ–Ω–∏–µ–º
   54 00000018         ; —Å–æ–¥–µ—Ä–∂–∏–º–æ–≥–æ —Ä–µ–≥–∏—Å—Ç—Ä–∞ —É–∫–∞–∑–∞—Ç–µ–ª—è r0 –Ω–∞ +4 –ø—Ä–∏ –∫–∞–∂–¥–æ–π –æ–ø–µ—Ä–∞—Ü–∏–∏ 
                       —á—Ç–µ–Ω–∏—è
   55 00000018         ; (c –∏–Ω–∫—Ä–µ–º–µ–Ω—Ç–∏—Ä–æ–≤–∞–Ω–∏–µ–º —É–∫–∞–∑–∞—Ç–µ–ª—è r0 –ø–æ—Å–ª–µ –¥–æ—Å—Ç—É–ø–∞ IA)
   56 00000018 E8B0 0FF0       LDMIA            r0!, {r4-r11}
   57 0000001C         ; –°–æ—Ö—Ä–∞–Ω–µ–Ω–∏–µ –ø–æ–ª—É—á–µ–Ω–Ω–æ–≥–æ –±–ª–æ–∫–∞ –∏–∑ 8 —Å–ª–æ–≤ –≤ –º–∞—Å—Å–∏–≤–µ-–ø—Ä–∏–µ–º–Ω–∏–∫–µ
                       
   58 0000001C         ; —Å –∞–≤—Ç–æ-—Å–º–µ—â–µ–Ω–∏–µ–º —Å–æ–¥–µ—Ä–∂–∏–º–æ–≥–æ —Ä–µ–≥–∏—Å—Ç—Ä–∞ —É–∫–∞–∑–∞—Ç–µ–ª—è r1 –ø—Ä–∏ –∫–∞–∂–
                       ¥–æ–π 
   59 0000001C         ; –æ–ø–µ—Ä–∞—Ü–∏–∏ –∑–∞–ø–∏—Å–∏ –Ω–∞ +4  (—Ç–æ–∂–µ —Å –∏–Ω–∫—Ä–µ–º–µ–Ω—Ç–∏—Ä–æ–≤–∞–Ω–∏–µ–º –ø–æ—Å–ª–µ –¥–æ—Å—
                       Ç—É–ø–∞)
   60 0000001C E8A1 0FF0       STMIA            r1!, {r4-r11}
   61 00000020         ; –î–µ–∫—Ä–µ–º–µ–Ω—Ç–∏—Ä–æ–≤–∞—Ç—å —Å—á–µ—Ç—á–∏–∫ —á–∏—Å–ª–∞ –±–ª–æ–∫–æ–≤—ã—Ö –ø–µ—Ä–µ—Å—ã–ª–æ–∫
   62 00000020 3B01            SUBS             r3,#1       ; ¬´S¬ª - —É—Å—Ç–∞–Ω–æ–≤–∏—Ç—å —Ñ–ª–∞–≥–∏ —Ä–µ–∑—É–ª—å—Ç–∞—Ç–∞
   63 00000022         ; –ï—Å–ª–∏ –Ω–µ –≤—Å–µ –±–ª–æ–∫–æ–≤—ã–µ –æ–ø–µ—Ä–∞—Ü–∏–∏ –≤—ã–ø–æ–ª–Ω–µ–Ω—ã - –ø—Ä–æ–¥–æ–ª–∂–∏—Ç—å
   64 00000022 D1F9            BNE              Copy_Oct
   65 00000024         
   66 00000024         ; –í–æ—Å—Å—Ç–∞–Ω–æ–≤–∏—Ç—å –∫–æ–Ω—Ç–µ–∫—Å—Ç –∏–∑ —Å—Ç–µ–∫–∞, —Ç.–∫. —Ä–µ–≥–∏—Å—Ç—Ä–æ–≤—ã–π –±–ª–æ—á–Ω—ã–π
   67 00000024         ; ¬´–∞–∫–∫—É–º—É–ª—è—Ç–æ—Ä¬ª (r4-r11) –±–æ–ª—å—à–µ –Ω–µ –ø–æ—Ç—Ä–µ–±—É–µ—Ç—Å—è 
   68 00000024 E8BD 0FF0       POP              {r4-r11}    ; –∏–ª–∏ LDMIA sp!, {r4-r11} 
   69 00000028         
   70 00000028         ; –ü–æ —Å–ª–æ–≤–Ω–æ–µ –∫–æ–ø–∏—Ä–æ–≤–∞–Ω–∏–µ –æ—Å—Ç–∞–≤—à–∏—Ö—Å—è —ç–ª–µ–º–µ–Ω—Ç–æ–≤ –º–∞—Å—Å–∏–≤–∞
   71 00000028         Copy_Rest
   72 00000028         ; –í—ã–¥–µ–ª–∏–º –º–ª–∞–¥—à–∏–µ —Ç—Ä–∏ –±–∏—Ç–∞ –≤ —á–∏—Å–ª–µ —Å–ª–æ–≤, –ø–æ–¥–ª–µ–∂–∞—â–∏—Ö –∫–æ–ø–∏—Ä–æ–≤–∞
                       –Ω–∏—é
   73 00000028         ; –ü–æ —Å—É—Ç–∏: –ø–æ–ª—É—á–∏–º –æ—Å—Ç–∞—Ç–æ–∫ –æ—Ç –¥–µ–ª–µ–Ω–∏—è —ç—Ç–æ–≥–æ —á–∏—Å–ª–∞ –Ω–∞ 8
   74 00000028 F012 0207       ANDS             r2,#7       ; ¬´S¬ª - –≤—ã—Ä–∞–±–æ—Ç–∞—Ç—å —Ñ–ª–∞–≥–∏ —Ä–µ–∑—É–ª—å—Ç–∞—Ç–∞
   75 0000002C         ; –ï—Å–ª–∏ –æ—Å—Ç–∞—Ç–æ–∫ –Ω—É–ª–µ–≤–æ–π ‚Äì –≤—Å–µ —Å–ª–æ–≤–∞ —Å–∫–æ–ø–∏—Ä–æ–≤–∞–Ω—ã
   76 0000002C D005            BEQ              End_Sub
   77 0000002E         ; –û–±—ã—á–Ω–æ–µ –ø–æ-—Å–ª–æ–≤–Ω–æ–µ –∫–æ–ø–∏—Ä–æ–≤–∞–Ω–∏–µ
   78 0000002E         ; –û–±–∞ —É–∫–∞–∑–∞—Ç–µ–ª—è r0 –∏ r1 –ø—Ä–æ–∏–Ω–∏—Ü–∏–∞–ª–∏–∑–∏—Ä–æ–≤–∞–Ω—ã –∑–∞ —Å—á–µ—Ç –æ–ø–µ—Ä–∞—Ü–∏–∏
   79 0000002E         ; –∞–≤—Ç–æ-–æ–±–Ω–æ–≤–ª–µ–Ω–∏—è ¬´!¬ª –ø—Ä–∏ –º–Ω–æ–∂–µ—Å—Ç–≤–µ–Ω–Ω–æ–π –∑–∞–≥—Ä—É–∑–∫–µ/—Å–æ—Ö—Ä–∞–Ω–µ–Ω–∏–∏
                        —Ä–µ–≥–∏—Å—Ç—Ä–æ–≤ 
   80 0000002E         Copy_Word
   81 0000002E F850 3B04       LDR              r3,[r0],#4  ; –ö–æ–ø–∏—Ä–æ–≤–∞—Ç—å –∏–∑ –º–∞—Å—Å–∏–≤–∞-–∏—Å—Ç–æ—á–Ω–∏–∫–∞
   82 00000032 F841 3B04       STR              r3,[r1],#4  ; –°–æ—Ö—Ä–∞–Ω–∏—Ç—å –≤ –º–∞—Å—Å–∏–≤–µ-–ø—Ä–∏–µ–º–Ω–∏–∫–µ
   83 00000036 3A01            SUBS             r2,#1       ; –î–µ–∫—Ä–µ–º–µ–Ω—Ç–∏—Ä–æ–≤–∞—Ç—å —Å—á–µ—Ç—á–∏–∫ —á–∏—Å–ª–∞ —Ü–∏–∫–ª–æ–
                                                            ≤
   84 00000038 D1F9            BNE              Copy_Word   ; –ü–æ–≤—Ç–æ—Ä–∏—Ç—å –ø—Ä–∏ –Ω–µ–æ–±—Ö–æ–¥–∏–º–æ—Å—Ç–∏
   85 0000003A         ; –í—Å–µ —ç–ª–µ–º–µ–Ω—Ç—ã —Å–∫–æ–ø–∏—Ä–æ–≤–∞–Ω—ã.
   86 0000003A         End_Sub
   87 0000003A         ; –í–æ—Å—Å—Ç–∞–Ω–æ–≤–∏—Ç—å –∏–∑ —Å—Ç–µ–∫–∞ —Å–æ–¥–µ—Ä–∂–∏–º–æ–µ —Ä–µ–≥–∏—Å—Ç—Ä–∞ r3
   88 0000003A BC08            POP              {r3}
   89 0000003C         ; –í–æ–∑–≤—Ä–∞—Ç –≤ –æ—Å–Ω–æ–≤–Ω—É—é –ø—Ä–æ–≥—Ä–∞–º–º—É
   90 0000003C 4770            BX               lr          ; –∏–ª–∏ MOV pc,lr
   91 0000003E         ;********************************************************************
   92 0000003E         
   93 0000003E         ; –û–±—ä—è–≤–∏—Ç—å —Å–µ–∫—Ü–∏—é –¥–∞–Ω–Ω—ã—Ö –≤ –æ–ø–µ—Ä–∞—Ç–∏–≤–Ω–æ–π –ø–∞–º—è—Ç–∏ –∏ –∑–∞—Ä–µ–∑–µ—Ä–≤–∏—Ä–æ
                       –≤–∞—Ç—å –º–µ—Å—Ç–æ
   94 0000003E         ; –¥–ª—è –º–∞—Å—Å–∏–≤–∞- –∏—Å—Ç–æ—á–Ω–∏–∫–∞ –∏ –º–∞—Å—Å–∏–≤–∞-–ø—Ä–∏–µ–º–Ω–∏–∫–∞ –¥–∞–Ω–Ω—ã—Ö
   95 0000003E 00 00           ALIGN                        ; –í—ã—Ä–æ–≤–Ω—è—Ç—å –ø–æ –≥—Ä–∞–Ω–∏—Ü–µ –ø–æ–ª–Ω–æ–≥–æ —Å–ª–æ–≤–∞
   96 00000040 00000000 



ARM Macro Assembler    Page 3 


              00000000         AREA             MyData, DATA, ReadWrite
   97 00000000 00 00 00 
              00 00 00 
              00 00 00 
              00 00 00 
              00 00 00 
              00 00 00 
              00 00 00 
              00 00 00 
              00 00 00 
              00 00 00 
              00 00 00 
              00 00 00 
              00 00 00 
              00 00 00 
              00 00 00 
              00 00 00 
              00 00 00 
              00 00 00 
              00 00 00 
              00 00 00 
              00 00 00 
              00 00 00 
              00 00 00 
              00 00 00 
              00 00 00 
              00 00 00 
              00 00    Array_SRC
                               SPACE            N*4
   98 00000050 00 00 00 
              00 00 00 
              00 00 00 
              00 00 00 
              00 00 00 
              00 00 00 
              00 00 00 
              00 00 00 
              00 00 00 
              00 00 00 
              00 00 00 
              00 00 00 
              00 00 00 
              00 00 00 
              00 00 00 
              00 00 00 
              00 00 00 
              00 00 00 
              00 00 00 
              00 00 00 
              00 00 00 
              00 00 00 
              00 00 00 
              00 00 00 
              00 00 00 
              00 00 00 
              00 00    Array_DST
                               SPACE            N*4
   99 000000A0         
  100 000000A0         ; –ö–æ–Ω–µ—Ü –∞—Å—Å–µ–º–±–ª–µ—Ä–Ω–æ–≥–æ —Ç–µ–∫—Å—Ç–∞



ARM Macro Assembler    Page 4 


  101 000000A0                 END
Command Line: --debug --xref --width=132 --diag_suppress=9931 --cpu=Cortex-M4.fp --apcs=interwork --depend=.\objects\myprog_18_9.d -
o.\objects\myprog_18_9.o -IE:\ARM\”˜Â·ÌËÍ_ARM\œÓÂÍÚ˚\CPU\CPU_18\RTE -IC:\Keil_v5\ARM\PACK\ARM\CMSIS\4.3.0\Device\ARM\ARMCM4\Include
 -IC:\Keil_v5\ARM\CMSIS\Include --predefine="__EVAL SETA 1" --predefine="__UVISION_VERSION SETA 515" --predefine="ARMCM4_FP SETA 1" 
--list=.\listings\myprog_18_9.lst MyProg_18_9.s



ARM Macro Assembler    Page 1 Alphabetic symbol ordering
Relocatable symbols

Block_Copy 00000014

Symbol: Block_Copy
   Definitions
      At line 44 in file MyProg_18_9.s
   Uses
      None
Comment: Block_Copy unused
Copy_Array_Block 0000000E

Symbol: Copy_Array_Block
   Definitions
      At line 35 in file MyProg_18_9.s
   Uses
      At line 18 in file MyProg_18_9.s
Comment: Copy_Array_Block used once
Copy_Oct 00000018

Symbol: Copy_Oct
   Definitions
      At line 52 in file MyProg_18_9.s
   Uses
      At line 64 in file MyProg_18_9.s
Comment: Copy_Oct used once
Copy_Rest 00000028

Symbol: Copy_Rest
   Definitions
      At line 71 in file MyProg_18_9.s
   Uses
      At line 43 in file MyProg_18_9.s
Comment: Copy_Rest used once
Copy_Word 0000002E

Symbol: Copy_Word
   Definitions
      At line 80 in file MyProg_18_9.s
   Uses
      At line 84 in file MyProg_18_9.s
Comment: Copy_Word used once
End_Sub 0000003A

Symbol: End_Sub
   Definitions
      At line 86 in file MyProg_18_9.s
   Uses
      At line 76 in file MyProg_18_9.s
Comment: End_Sub used once
MyCode 00000000

Symbol: MyCode
   Definitions
      At line 3 in file MyProg_18_9.s
   Uses
      None
Comment: MyCode unused
MyProg 00000000

Symbol: MyProg



ARM Macro Assembler    Page 2 Alphabetic symbol ordering
Relocatable symbols

   Definitions
      At line 8 in file MyProg_18_9.s
   Uses
      At line 7 in file MyProg_18_9.s
      At line 20 in file MyProg_18_9.s

8 symbols



ARM Macro Assembler    Page 1 Alphabetic symbol ordering
Relocatable symbols

Array_DST 00000050

Symbol: Array_DST
   Definitions
      At line 98 in file MyProg_18_9.s
   Uses
      At line 16 in file MyProg_18_9.s
Comment: Array_DST used once
Array_SRC 00000000

Symbol: Array_SRC
   Definitions
      At line 97 in file MyProg_18_9.s
   Uses
      At line 15 in file MyProg_18_9.s
Comment: Array_SRC used once
MyData 00000000

Symbol: MyData
   Definitions
      At line 96 in file MyProg_18_9.s
   Uses
      None
Comment: MyData unused
3 symbols



ARM Macro Assembler    Page 1 Alphabetic symbol ordering
Absolute symbols

N 00000014

Symbol: N
   Definitions
      At line 11 in file MyProg_18_9.s
   Uses
      At line 17 in file MyProg_18_9.s
      At line 97 in file MyProg_18_9.s
      At line 98 in file MyProg_18_9.s

1 symbol
348 symbols in table
