


ARM Macro Assembler    Page 1 


    1 00000000         ; –í–ª–æ–∂–µ–Ω–Ω—ã–µ –ø–æ–¥–ø—Ä–æ–≥—Ä–∞–º–º—ã. –°–æ—Ö—Ä–∞–Ω–µ–Ω–∏–µ –∏
    2 00000000         ; –≤–æ—Å—Å—Ç–∞–Ω–æ–≤–ª–µ–Ω–∏–µ –∫–æ–Ω—Ç–µ–∫—Å—Ç–∞
    3 00000000         
    4 00000000         ; –û–±—ä—è–≤–∏—Ç—å –∫–æ–¥–æ–≤—É—é —Å–µ–∫—Ü–∏—é MyCode
    5 00000000                 AREA             MyCode, CODE, ReadOnly
    6 00000000         ; –û–±—ä—è–≤–∏—Ç—å —Ç–æ—á–∫—É –≤—Ö–æ–¥–∞ –≤ –ø—Ä–æ–≥—Ä–∞–º–º—É –ø—Ä–∏–ª–æ–∂–µ–Ω–∏—è 
    7 00000000                 ENTRY
    8 00000000         ; –û–±—ä–≤–∏—Ç—å —Ç–æ—á–∫—É –≤—Ö–æ–¥–∞ –≥–ª–æ–±–∞–ª—å–Ω–æ–π –ø–µ—Ä–µ–º–µ–Ω–Ω–æ–π
    9 00000000                 EXPORT           MyProg
   10 00000000         MyProg
   11 00000000         ; –û—Å–Ω–æ–≤–Ω–∞—è –ø—Ä–æ–≥—Ä–∞–º–º–∞
   12 00000000         ; –ß–∏—Å–ª–æ —ç–ª–µ–º–µ–Ω—Ç–æ–≤ –∏—Å—Ö–æ–¥–Ω–æ–≥–æ –º–∞—Å—Å–∏–≤–∞ —Å–ª–æ–≤ –±–µ–∑ –∑–Ω–∞–∫–∞
   13 00000000 0000000A 
                       N       EQU              10
   14 00000000         ;    ...
   15 00000000         ; –ü–µ—Ä–µ–¥–∞—Ç—å –ø–∞—Ä–∞–º–µ—Ç—Ä—ã –∏ –≤—ã–∑–≤–∞—Ç—å –ø–æ–¥–ø—Ä–æ–≥—Ä–∞–º–º—É –∫–æ–ø–∏—Ä–æ–≤–∞–Ω–∏—è
   16 00000000         ; –∏ —Å–æ—Ä—Ç–∏—Ä–æ–≤–∫–∏ –º–∞—Å—Å–∏–≤–∞ —Å–ª–æ–≤ —Å–æ –∑–Ω–∞–∫–æ–º
   17 00000000 4814            LDR              r0,=Array_SRC ; –ê–¥—Ä–µ—Å –º–∞—Å—Å–∏–≤–∞ - –∏—Å—Ç–æ—á–Ω–∏–∫–∞
   18 00000002 4915            LDR              r1,=Array_DST ; –ê–¥—Ä–µ—Å –º–∞—Å—Å–∏–≤–∞ - –ø—Ä–∏–µ–º–Ω–∏–∫–∞
   19 00000004 F04F 020A       MOV              r2,#N       ; –ß–∏—Å–ª–æ —Å–ª–æ–≤ –≤ –º–∞—Å—Å–∏–≤–µ
   20 00000008 F000 F801       BL               Copy_Array_Sort
   21 0000000C         ; –ü–æ–≤—Ç–æ—Ä–∏—Ç—å –¥–ª—è –¥—Ä—É–≥–æ–≥–æ –Ω–∞–±–æ—Ä–∞ –¥–∞–Ω–Ω—ã—Ö –≤ –∏—Å—Ö–æ–¥–Ω–æ–º –º–∞—Å—Å–∏–≤–µ
   22 0000000C E7FE            B                MyProg
   23 0000000E         
   24 0000000E         ;**********************************************************************
   25 0000000E         ; –ü–æ–¥–ø—Ä–æ–≥—Ä–∞–º–º–∞ –≤–µ—Ä—Ö–µ–≥–æ —É—Ä–æ–≤–Ω—è - –∫–æ–ø–∏—Ä–æ–≤–∞–Ω–∏–µ –∏ —Å–æ—Ä—Ç–∏—Ä–æ–≤–∫–∞ –º–∞—
                       Å—Å–∏–≤–∞
   26 0000000E         ; —Å–ª–æ–≤ –±–µ–∑ –∑–Ω–∞–∫–∞
   27 0000000E         ; –í—Ö–æ–¥–Ω—ã–µ –ø–µ—Ä–µ–º–µ–Ω–Ω—ã–µ:
   28 0000000E         ; r0 - –Ω–∞—á–∞–ª—å–Ω—ã–π –∞–¥—Ä–µ—Å –º–∞—Å—Å–∏–≤–∞-–∏—Å—Ç–æ—á–Ω–∏–∫–∞ 
   29 0000000E         ; r1 - –Ω–∞—á–∞–ª—å–Ω—ã–π –∞–¥—Ä–µ—Å –º–∞—Å—Å–∏–≤–∞-–ø—Ä–∏–µ–º–Ω–∏–∫–∞
   30 0000000E         ; r2 - —á–∏—Å–ª–æ —Å–ª–æ–≤ –≤ –º–∞—Å—Å–∏–≤–µ-–∏—Å—Ç–æ—á–Ω–∏–∫–µ
   31 0000000E         ; –ò—Å–ø–æ–ª—å–∑—É–µ–º—ã–µ —Ä–µ–≥–∏—Å—Ç—Ä—ã: r3-r7 (–≤–æ –≤—Å–µ—Ö –≤–ª–æ–∂–µ–Ω–Ω—ã—Ö –ø–æ–¥–ø—Ä–æ–≥—Ä–∞–º–º–∞
                       —Ö)
   32 0000000E         ;***********************************************************************
   33 0000000E         Copy_Array_Sort
   34 0000000E         ; –°–æ—Ö—Ä–∞–Ω–∏—Ç—å –≤ —Å—Ç–µ–∫–µ –∑–Ω–∞—á–µ–Ω–∏—è –∏—Å–ø–æ–ª—å–∑—É–µ–º—ã—Ö —Ä–µ–≥–∏—Å—Ç—Ä–æ–≤ –∏ —Ä–µ–≥–∏—Å
                       —Ç—Ä–∞ —Å–≤—è–∑–∏,
   35 0000000E         ; —Ç–∞–∫ –∫–∞–∫ –≤ —Ç–µ–ª–µ –ø–æ–¥–ø—Ä–æ–≥—Ä–∞–º–º—ã –±—É–¥—É—Ç –≤–ª–æ–∂–µ–Ω–Ω—ã–µ –≤—ã–∑–æ–≤—ã –ø–æ–¥–ø—Ä–æ–
                       ≥—Ä–∞–º–º
   36 0000000E B5F8            PUSH             {r3-r7, lr}
   37 00000010         ; –ü–µ—Ä–µ–¥–∞—Ç—å –ø–∞—Ä–∞–º–µ—Ç—Ä—ã –∏ –≤—ã–∑–≤–∞—Ç—å –ø–æ–¥–ø—Ä–æ–≥—Ä–∞–º–º—É –∫–æ–ø–∏—Ä–æ–≤–∞–Ω–∏—è –º–∞—
                       Å—Å–∏–≤–∞ —Å–ª–æ–≤
   38 00000010 4604            MOV              r4,r0       ; –ù–∞—á–∞–ª—å–Ω—ã–π –∞–¥—Ä–µ—Å –º–∞—Å—Å–∏–≤–∞-–∏—Å—Ç–æ—á–Ω–∏–∫–∞
   39 00000012 460D            MOV              r5,r1       ; –ù–∞—á–∞–ª—å–Ω—ã–π –∞–¥–µ—Ä—Å –º–∞—Å—Å–∏–≤–∞-–ø—Ä–∏–µ–º–Ω–∏–∫–∞
   40 00000014 4616            MOV              r6,r2       ; –ß–∏—Å–ª–æ —ç–ª–µ–º–µ–Ω—Ç–æ–≤ –º–∞—Å—Å–∏–≤–∞
   41 00000016         ; –í—ã–∑–≤–∞—Ç—å –ø–æ–¥–ø—Ä–æ–≥—Ä–∞–º–º—É –∫–æ–ø–∏—Ä–æ–≤–∞–Ω–∏—è –º–∞—Å—Å–∏–≤–∞ —Å–ª–æ–≤
   42 00000016 F000 F803       BL               Copy_Array_Word
   43 0000001A         ; –í—ã–∑–≤–∞—Ç—å –ø–æ–¥–ø—Ä–æ–≥—Ä–∞–º–º—É —Å–æ—Ä—Ç–∏—Ä–æ–≤–∫–∏ —Å–ª–æ–≤ –ø–æ —É–±—ã–≤–∞–Ω–∏—é –≤ –º–∞—Å—Å–∏–≤
                       –µ-–ø—Ä–∏–µ–º–Ω–∏–∫–µ
   44 0000001A F000 F808       BL               Sort_Array_Max_Min
   45 0000001E         ; –í–æ—Å—Å—Ç–∞–Ω–æ–≤–∏—Ç—å –∑–Ω–∞—á–µ–Ω–∏—è –∏—Å–ø–æ–ª—å–∑–æ–≤–∞–Ω–Ω—ã—Ö —Ä–µ–≥–∏—Å—Ç—Ä–æ–≤ –∏–∑ —Å—Ç–µ–∫–∞
   46 0000001E         ; –í–æ–∑–≤—Ä–∞—Ç –≤ –æ—Å–Ω–æ–≤–Ω—É—é –ø—Ä–æ–≥—Ä–∞–º–º—É
   47 0000001E BDF8            POP{r3-r7,       pc}
   48 00000020         ;***********************************************************************
   49 00000020         
   50 00000020         ;****************************************************************
   51 00000020         ; –ü–æ–¥–ø—Ä–æ–≥—Ä–∞–º–º–∞ –∫–æ–ø–∏—Ä–æ–≤–∞–Ω–∏—è –º–∞—Å—Å–∏–≤–∞ 32-—Ä–∞–∑—Ä—è–¥–Ω—ã—Ö —Å–ª–æ–≤ 
   52 00000020         ; –í—Ö–æ–¥—ã:



ARM Macro Assembler    Page 2 


   53 00000020         ; r4 - –Ω–∞—á–∞–ª—å–Ω—ã–π –∞–¥—Ä–µ—Å –º–∞—Å—Å–∏–≤–∞-–∏—Å—Ç–æ—á–Ω–∏–∫–∞
   54 00000020         ; r5 - –Ω–∞—á–∞–ª—å–Ω—ã–π –∞–¥—Ä–µ—Å –º–∞—Å—Å–∏–≤–∞-–ø—Ä–∏–µ–º–Ω–∏–∫–∞
   55 00000020         ; r6 - —á–∏—Å–ª–æ —Å–ª–æ–≤ –≤ –º–∞—Å—Å–∏–≤–µ
   56 00000020         ; –ò—Å–ø–æ–ª—å–∑—É–µ–º—ã–µ —Ä–µ–≥–∏—Å—Ç—Ä—ã:
   57 00000020         ; r7 ‚Äì —Ç–µ–∫—É—â–µ–µ –∫–æ–ø–∏—Ä—É–µ–º–æ–µ —Å–ª–æ–≤–æ –¥–∞–Ω–Ω—ã—Ö
   58 00000020         ;****************************************************************
   59 00000020         Copy_Array_Word
   60 00000020         ; –°–∫–æ–ø–∏—Ä–æ–≤–∞—Ç—å  –æ—á–µ—Ä–µ–¥–Ω–æ–µ —Å–ª–æ–≤–æ –∏–∑ –º–∞—Å—Å–∏–≤–∞-–∏—Å—Ç–æ—á–Ω–∏–∫–∞ —Å 
   61 00000020         ; –ø–æ—Å—Ç-–∞–≤—Ç–æ-—Å–º–µ—â–µ–Ω–∏–µ–º —É–∫–∞–∑–∞—Ç–µ–ª—è r4 –Ω–∞ +4 (—á–∏—Å–ª–æ –±–∞–π—Ç –≤ —Å–ª–æ–≤–µ)
   62 00000020 F854 7B04       LDR              r7,[r4],#4
   63 00000024         ; –°–æ—Ö—Ä–∞–Ω–∏—Ç—å —ç—Ç–æ —Å–ª–æ–≤–æ –≤ –º–∞—Å—Å–∏–≤–µ-–ø—Ä–∏–µ–º–Ω–∏–∫–µ —Å –ø–æ—Å—Ç-–∞–≤—Ç–æ-—Å–º–µ—â–µ–Ω
                       –∏–µ–º
   64 00000024         ; —É–∫–∞–∑–∞—Ç–µ–ª—è r5 –Ω–∞ +4 (—á–∏—Å–ª–æ –±–∞–π—Ç –≤ —Å–ª–æ–≤–µ)
   65 00000024 F845 7B04       STR              r7,[r5],#4
   66 00000028         ; –î–µ–∫—Ä–µ–º–µ–Ω—Ç–∏—Ä–æ–≤–∞—Ç—å —Å—á–µ—Ç—á–∏–∫ —á–∏—Å–ª–∞ —Å–∫–æ–ø–∏—Ä–æ–≤–∞–Ω–Ω—ã—Ö —Å–ª–æ–≤
   67 00000028 3E01            SUBS             r6,#1       ; –í—ã—Å—Ç–∞–≤–∏—Ç—å —Ñ–ª–∞–≥–∏ —Ä–µ–∑—É–ª—å—Ç–∞—Ç–∞ ¬´S¬ª
   68 0000002A         ; –ï—Å–ª–∏ –Ω–µ –≤—Å–µ —ç–ª–µ–º–µ–Ω—Ç—ã –º–∞—Å—Å–∏–≤–∞ —Å–∫–æ–ø–∏—Ä–æ–≤–∞–Ω—ã, –ø–æ–≤—Ç–æ—Ä–∏—Ç—å
   69 0000002A D1F9            BNE              Copy_Array_Word
   70 0000002C         ; –ú–∞—Å—Å–∏–≤ —Å–∫–æ–ø–∏—Ä–æ–≤–∞–Ω, –≤–æ–∑–≤—Ä–∞—Ç –≤ –≤—ã–∑—ã–≤–∞—é—â—É—é –ø—Ä–æ–≥—Ä–∞–º–º–º—É
   71 0000002C 4770            BX               lr
   72 0000002E         ;****************************************************************
   73 0000002E         
   74 0000002E         ;****************************************************************
   75 0000002E         ; –ü–æ–¥–ø—Ä–æ–≥—Ä–∞–º–º–∞ —Å–æ—Ä—Ç–∏—Ä–æ–≤–∫–∏ –º–∞—Å—Å–∏–≤–∞ –ø–æ –≤–æ–∑—Ä–∞—Å—Ç–∞–Ω–∏—é –∑–Ω–∞—á–µ–Ω–∏–π
   76 0000002E         ; –¥–ª—è —Å–ª–æ–≤ —Å–æ –∑–Ω–∞–∫–æ–º –≤ –¥–æ–ø–æ–ª–Ω–∏—Ç–µ–ª—å–Ω–æ–º –∫–æ–¥–µ
   77 0000002E         ; –í—Ö–æ–¥—ã: 
   78 0000002E         ; r1 - –Ω–∞—á–∞–ª—å–Ω—ã–π –∞–¥—Ä–µ—Å –º–∞—Å—Å–∏–≤–∞, –ø–æ–¥–ª–µ–∂–∞—â–µ–≥–æ —Å–æ—Ä—Ç–∏—Ä–æ–≤–∫–µ
   79 0000002E         ; r2 - —á–∏—Å–ª–æ —ç–ª–µ–º–µ–Ω—Ç–æ–≤ –º–∞—Å—Å–∏–≤–∞
   80 0000002E         ; –ò—Å–ø–æ–ª—å–∑—É–µ–º—ã–µ —Ä–µ–≥–∏—Å—Ç—Ä—ã:
   81 0000002E         ; r3 - —É–∫–∞–∑–∞—Ç–µ–ª—å –Ω–∞—á–∞–ª—å–Ω–æ–≥–æ –∞–¥—Ä–µ—Å–∞ –æ—á–µ—Ä–µ–¥–Ω–æ–π –ø–∞—Ä—ã —Å–ª–æ–≤ –º–∞—Å—Å–∏–≤
                       –∞
   82 0000002E         ; r4,r5 - —Ä–µ–≥–∏—Å—Ç—Ä—ã –≤—Ä–µ–º–µ–Ω–Ω–æ–≥–æ —Ö—Ä–∞–Ω–µ–Ω–∏—è –æ—á–µ—Ä–µ–¥–Ω–æ–π –ø–∞—Ä—ã —Å–ª–æ–≤
   83 0000002E         ; r6 - —Å—á–µ—Ç—á–∏–∫ —á–∏—Å–ª–∞ –ø–∞—Ä —Å–ª–æ–≤ –≤ –º–∞—Å—Å–∏–≤–µ
   84 0000002E         ; r7 - —Å—á–µ—Ç—á–∏–∫ —á–∏—Å–ª–∞ —Å–∫–∞–Ω–æ–≤ –º–∞—Å—Å–∏–≤–∞
   85 0000002E         ;****************************************************************
   86 0000002E         Sort_Array_Max_Min
   87 0000002E         ; –ò–Ω–∏—Ü–∏–∞–ª–∏–∑–∞—Ü–∏—è —Å—á–µ—Ç—á–∏–∫–∞ —á–∏—Å–ª–∞ –ø—Ä–æ—Ö–æ–¥–æ–≤ –º–∞—Å—Å–∏–≤–∞ 
   88 0000002E F1A2 0701       SUB              r7,r2,#1
   89 00000032         Out_Loop
   90 00000032         ; –£—Å—Ç–∞–Ω–æ–≤–∏—Ç—å —É–∫–∞–∑–∞—Ç–µ–ª—å r3 –Ω–∞ –Ω–∞—á–∞–ª—å–Ω—ã–π –∞–¥—Ä–µ—Å –º–∞—Å—Å–∏–≤–∞
   91 00000032 460B            MOV              r3,r1
   92 00000034         ; –ò–Ω–∏—Ü–∏–∞–ª–∏–∑–∞—Ü–∏—è —Å—á–µ—Ç—á–∏–∫–∞ —á–∏—Å–ª–∞ —á–∏—Å–ª–∞ –ø–∞—Ä —á–∏—Å–µ–ª –≤ –º–∞—Å—Å–∏–≤–µ
   93 00000034 F1A2 0601       SUB              r6,r2,#1
   94 00000038         In_Loop
   95 00000038         ; –û–±—Ä–∞–±–æ—Ç–∞—Ç—å –æ—á–µ—Ä–µ–¥–Ω—É—é –ø–∞—Ä—É —ç–ª–µ–º–µ–Ω—Ç–æ–≤ –º–∞—Å—Å–∏–≤–∞
   96 00000038         ; –ü–æ–ª—É—á–∏—Ç—å –æ—á–µ—Ä–µ–¥–Ω—É—é –ø–∞—Ä—É —Å–ª–æ–≤ –≤ —Ä–µ–≥–∏—Å—Ç—Ä—ã r4,r5
   97 00000038 E9D3 4500       LDRD             r4,r5,[r3]
   98 0000003C         ; –°—Ä–∞–≤–Ω–∏—Ç—å –ø–µ—Ä–≤–æ–µ –∏ –≤—Ç–æ—Ä–æ–µ —Å–ª–æ–≤–æ –≤ –ø–∞—Ä–µ
   99 0000003C 42AC            CMP              r4,r5
  100 0000003E         ; –ï—Å–ª–∏ –ø–µ—Ä–≤–æ–µ —Å–ª–æ–≤–æ "–ú–µ–Ω—å—à–µ –∏–ª–∏ —Ä–∞–≤–Ω–æ", —Å–æ—Ö—Ä–∞–Ω–∏—Ç—å –ø–æ—Ä—è–¥–æ–∫ —Å–ª–æ
                       –≤
  101 0000003E DD01            BLE              Next
  102 00000040         ; –ü–æ–º–µ–Ω—è—Ç—å –º–µ—Å—Ç–∞–º–∏ —ç–ª–µ–º–µ–Ω—Ç—ã –º–∞—Å—Å–∏–≤–∞ –≤ —Ç–µ–∫—É—â–µ–π –ø–∞—Ä–µ
  103 00000040 E9C3 5400       STRD             r5,r4,[r3]
  104 00000044         Next
  105 00000044         ; –ü–µ—Ä–µ–º–µ—Å—Ç–∏—Ç—å —É–∫–∞–∑–∞—Ç–µ–ª—å –Ω–∞ —Å–ª–µ–¥—É—é—â—É—é –ø–∞—Ä—É —ç–ª–µ–º–µ–Ω—Ç–æ–≤ –º–∞—Å—Å–∏–≤–
                       ∞ 
  106 00000044 F103 0304       ADD              r3,#4
  107 00000048         ; –î–µ–∫—Ä–µ–º–µ–Ω—Ç–∏—Ä–æ–≤–∞—Ç—å —Å—á–µ—Ç—á–∏–∫ —á–∏—Å–ª–∞ –ø–∞—Ä —ç–ª–µ–º–µ–Ω—Ç–æ–≤ –º–∞—Å—Å–∏–≤–∞



ARM Macro Assembler    Page 3 


  108 00000048 3E01            SUBS             r6,#1
  109 0000004A         ; –ï—Å–ª–∏ –Ω–µ –≤—Å–µ –ø–∞—Ä—ã —ç–ª–µ–º–µ–Ω—Ç–æ–≤ –º–∞—Å—Å–∏–≤–∞ –æ–±—Ä–∞–±–æ—Ç–∞–Ω—ã ‚Äì –ø–æ–≤—Ç–æ—Ä–∏—Ç—å
                       
  110 0000004A         ; –≤–Ω—É—Ç—Ä–µ–Ω–Ω–∏–π —Ü–∏–∫–ª
  111 0000004A D1F5            BNE              In_Loop
  112 0000004C         ; –î–µ–∫—Ä–µ–º–µ–Ω—Ç–∏—Ä–æ–≤–∞—Ç—å —Å—á–µ—Ç—á–∏–∫ —á–∏—Å–ª–∞ —Å–∫–∞–Ω–æ–≤ –º–∞—Å—Å–∏–≤–∞
  113 0000004C 3F01            SUBS             r7,#1
  114 0000004E         ; –ï—Å–ª–∏ –Ω–µ –≤—Å–µ —Å–∫–∞–Ω—ã –≤—ã–ø–æ–ª–Ω–µ–Ω—ã, –ø–æ–≤—Ç–æ—Ä–∏—Ç—å
  115 0000004E D1F0            BNE              Out_Loop
  116 00000050         ; –°–æ—Ä—Ç–∏—Ä–æ–≤–∫–∞ —ç–ª–µ–º–µ–Ω—Ç–æ–≤ –º–∞—Å—Å–∏–≤–∞ –≤—ã–ø–æ–ª–Ω–µ–Ω–∞, –≤–æ–∑–≤—Ä–∞—Ç –≤ –≤—ã–∑—ã–≤–∞—é
                       —â—É—é 
  117 00000050         ; –ø—Ä–æ–≥—Ä–∞–º–º—É
  118 00000050 4770            BX               lr
  119 00000052         ;****************************************************************
  120 00000052         
  121 00000052         ; –û–±—ä—è–≤–∏—Ç—å —Å–µ–∫—Ü–∏—é –¥–∞–Ω–Ω—ã—Ö –≤ –æ–ø–µ—Ä–∞—Ç–∏–≤–Ω–æ–π –ø–∞–º—è—Ç–∏ –∏ –∑–∞—Ä–µ–∑–µ—Ä–≤–∏—Ä–æ
                       –≤–∞—Ç—å –º–µ—Å—Ç–æ
  122 00000052         ; –¥–ª—è –º–∞—Å—Å–∏–≤–∞- –∏—Å—Ç–æ—á–Ω–∏–∫–∞ –∏ –º–∞—Å—Å–∏–≤–∞-–ø—Ä–∏–µ–º–Ω–∏–∫–∞ –¥–∞–Ω–Ω—ã—Ö
  123 00000052 00 00           ALIGN                        ; –í—ã—Ä–æ–≤–Ω—è—Ç—å –ø–æ –≥—Ä–∞–Ω–∏—Ü–µ –ø–æ–ª–Ω–æ–≥–æ —Å–ª–æ–≤–∞
  124 00000054 00000000 
              00000000         AREA             MyData, DATA, ReadWrite
  125 00000000 00 00 00 
              00 00 00 
              00 00 00 
              00 00 00 
              00 00 00 
              00 00 00 
              00 00 00 
              00 00 00 
              00 00 00 
              00 00 00 
              00 00 00 
              00 00 00 
              00 00 00 
              00       Array_SRC
                               SPACE            N*4
  126 00000028 00 00 00 
              00 00 00 
              00 00 00 
              00 00 00 
              00 00 00 
              00 00 00 
              00 00 00 
              00 00 00 
              00 00 00 
              00 00 00 
              00 00 00 
              00 00 00 
              00 00 00 
              00       Array_DST
                               SPACE            N*4
  127 00000050         
  128 00000050         ; –ö–æ–Ω–µ—Ü –∞—Å—Å–µ–º–±–ª–µ—Ä–Ω–æ–≥–æ —Ç–µ–∫—Å—Ç–∞
  129 00000050                 END
Command Line: --debug --xref --width=132 --diag_suppress=9931 --cpu=Cortex-M4.fp --apcs=interwork --depend=.\objects\myprog_18_8.d -
o.\objects\myprog_18_8.o -IE:\ARM\”˜Â·ÌËÍ_ARM\œÓÂÍÚ˚\CPU\CPU_18\RTE -IC:\Keil_v5\ARM\PACK\ARM\CMSIS\4.3.0\Device\ARM\ARMCM4\Include
 -IC:\Keil_v5\ARM\CMSIS\Include --predefine="__EVAL SETA 1" --predefine="__UVISION_VERSION SETA 515" --predefine="ARMCM4_FP SETA 1" 
--list=.\listings\myprog_18_8.lst MyProg_18_8.s



ARM Macro Assembler    Page 1 Alphabetic symbol ordering
Relocatable symbols

Copy_Array_Sort 0000000E

Symbol: Copy_Array_Sort
   Definitions
      At line 33 in file MyProg_18_8.s
   Uses
      At line 20 in file MyProg_18_8.s
Comment: Copy_Array_Sort used once
Copy_Array_Word 00000020

Symbol: Copy_Array_Word
   Definitions
      At line 59 in file MyProg_18_8.s
   Uses
      At line 42 in file MyProg_18_8.s
      At line 69 in file MyProg_18_8.s

In_Loop 00000038

Symbol: In_Loop
   Definitions
      At line 94 in file MyProg_18_8.s
   Uses
      At line 111 in file MyProg_18_8.s
Comment: In_Loop used once
MyCode 00000000

Symbol: MyCode
   Definitions
      At line 5 in file MyProg_18_8.s
   Uses
      None
Comment: MyCode unused
MyProg 00000000

Symbol: MyProg
   Definitions
      At line 10 in file MyProg_18_8.s
   Uses
      At line 9 in file MyProg_18_8.s
      At line 22 in file MyProg_18_8.s

Next 00000044

Symbol: Next
   Definitions
      At line 104 in file MyProg_18_8.s
   Uses
      At line 101 in file MyProg_18_8.s
Comment: Next used once
Out_Loop 00000032

Symbol: Out_Loop
   Definitions
      At line 89 in file MyProg_18_8.s
   Uses
      At line 115 in file MyProg_18_8.s
Comment: Out_Loop used once
Sort_Array_Max_Min 0000002E



ARM Macro Assembler    Page 2 Alphabetic symbol ordering
Relocatable symbols


Symbol: Sort_Array_Max_Min
   Definitions
      At line 86 in file MyProg_18_8.s
   Uses
      At line 44 in file MyProg_18_8.s
Comment: Sort_Array_Max_Min used once
8 symbols



ARM Macro Assembler    Page 1 Alphabetic symbol ordering
Relocatable symbols

Array_DST 00000028

Symbol: Array_DST
   Definitions
      At line 126 in file MyProg_18_8.s
   Uses
      At line 18 in file MyProg_18_8.s
Comment: Array_DST used once
Array_SRC 00000000

Symbol: Array_SRC
   Definitions
      At line 125 in file MyProg_18_8.s
   Uses
      At line 17 in file MyProg_18_8.s
Comment: Array_SRC used once
MyData 00000000

Symbol: MyData
   Definitions
      At line 124 in file MyProg_18_8.s
   Uses
      None
Comment: MyData unused
3 symbols



ARM Macro Assembler    Page 1 Alphabetic symbol ordering
Absolute symbols

N 0000000A

Symbol: N
   Definitions
      At line 13 in file MyProg_18_8.s
   Uses
      At line 19 in file MyProg_18_8.s
      At line 125 in file MyProg_18_8.s
      At line 126 in file MyProg_18_8.s

1 symbol
348 symbols in table
